<?xml version="1.0" encoding="UTF-8"?>
<!-- Generated by org.testng.reporters.JUnitXMLReporter -->
<testsuite ignored="0" hostname="DESKTOP-M3QV69F" failures="1" tests="1" name="Test2" time="10.157" errors="0" timestamp="2022-12-23T13:25:19 IST">
  <testcase classname="driverFactory.DriverScriptPOM" name="startTest" time="4.27">
    <failure type="java.io.FileNotFoundException" message="D:\JoeSelenium1\Primus_bank\DataDriven_Framework\TestOutput\POMResults.xlsx (The process cannot access the file because it is being used by another process)">
      <![CDATA[java.io.FileNotFoundException: D:\JoeSelenium1\Primus_bank\DataDriven_Framework\TestOutput\POMResults.xlsx (The process cannot access the file because it is being used by another process)
at java.base/java.io.FileOutputStream.open0(Native Method)
at java.base/java.io.FileOutputStream.open(FileOutputStream.java:293)
at java.base/java.io.FileOutputStream.<init>(FileOutputStream.java:235)
at java.base/java.io.FileOutputStream.<init>(FileOutputStream.java:123)
at utilities.ExcelFileUtil.setcelldata(ExcelFileUtil.java:75)
at driverFactory.DriverScriptPOM.startTest(DriverScriptPOM.java:27)
at java.base/java.util.ArrayList.forEach(ArrayList.java:1511)
... Removed 27 stack frames]]>
    </failure>
  </testcase> <!-- startTest -->
</testsuite> <!-- Test2 -->
