<?xml version="1.0" encoding="UTF-8"?>
<testng-results ignored="0" total="1" passed="1" failed="0" skipped="0">
  <reporter-output>
    <line>
      <![CDATA[No of rows are::11]]>
    </line>
    <line>
      <![CDATA[Add Emp Success::8330    8330]]>
    </line>
    <line>
      <![CDATA[Add Emp Success::8331    8331]]>
    </line>
    <line>
      <![CDATA[Add Emp Success::8332    8332]]>
    </line>
    <line>
      <![CDATA[Add Emp Success::8333    8333]]>
    </line>
    <line>
      <![CDATA[Add Emp Success::8334    8334]]>
    </line>
    <line>
      <![CDATA[Add Emp Success::8335    8335]]>
    </line>
    <line>
      <![CDATA[Add Emp Success::8336    8336]]>
    </line>
    <line>
      <![CDATA[Add Emp Success::8337    8337]]>
    </line>
    <line>
      <![CDATA[Add Emp Success::8338    8338]]>
    </line>
    <line>
      <![CDATA[Add Emp Success::8339    8339]]>
    </line>
    <line>
      <![CDATA[Add Emp Success::8340    8340]]>
    </line>
  </reporter-output>
  <suite started-at="2023-01-06T11:26:16 IST" name="Default suite" finished-at="2023-01-06T11:27:20 IST" duration-ms="63987">
    <groups>
    </groups>
    <test started-at="2023-01-06T11:26:16 IST" name="Default test" finished-at="2023-01-06T11:27:20 IST" duration-ms="63987">
      <class name="driverFactory.DriverScriptPOM">
        <test-method is-config="true" signature="setUp()[pri:0, instance:driverFactory.DriverScriptPOM@2a265ea9]" started-at="2023-01-06T11:26:16 IST" name="setUp" finished-at="2023-01-06T11:26:27 IST" duration-ms="11652" status="PASS">
          <reporter-output>
          </reporter-output>
        </test-method> <!-- setUp -->
        <test-method signature="startTest()[pri:0, instance:driverFactory.DriverScriptPOM@2a265ea9]" started-at="2023-01-06T11:26:27 IST" name="startTest" finished-at="2023-01-06T11:27:18 IST" duration-ms="50421" status="PASS">
          <reporter-output>
            <line>
              <![CDATA[No of rows are::11]]>
            </line>
            <line>
              <![CDATA[Add Emp Success::8330    8330]]>
            </line>
            <line>
              <![CDATA[Add Emp Success::8331    8331]]>
            </line>
            <line>
              <![CDATA[Add Emp Success::8332    8332]]>
            </line>
            <line>
              <![CDATA[Add Emp Success::8333    8333]]>
            </line>
            <line>
              <![CDATA[Add Emp Success::8334    8334]]>
            </line>
            <line>
              <![CDATA[Add Emp Success::8335    8335]]>
            </line>
            <line>
              <![CDATA[Add Emp Success::8336    8336]]>
            </line>
            <line>
              <![CDATA[Add Emp Success::8337    8337]]>
            </line>
            <line>
              <![CDATA[Add Emp Success::8338    8338]]>
            </line>
            <line>
              <![CDATA[Add Emp Success::8339    8339]]>
            </line>
            <line>
              <![CDATA[Add Emp Success::8340    8340]]>
            </line>
          </reporter-output>
        </test-method> <!-- startTest -->
        <test-method is-config="true" signature="tearDown()[pri:0, instance:driverFactory.DriverScriptPOM@2a265ea9]" started-at="2023-01-06T11:27:18 IST" name="tearDown" finished-at="2023-01-06T11:27:20 IST" duration-ms="1847" status="PASS">
          <reporter-output>
          </reporter-output>
        </test-method> <!-- tearDown -->
      </class> <!-- driverFactory.DriverScriptPOM -->
    </test> <!-- Default test -->
  </suite> <!-- Default suite -->
</testng-results>
